<?xml version="1.0" encoding="UTF-8"?>
<testng-results skipped="0" failed="0" ignored="0" total="1" passed="1">
  <reporter-output>
  </reporter-output>
  <suite name="Default suite" duration-ms="27937" started-at="2023-09-26T01:00:19 IST" finished-at="2023-09-26T01:00:47 IST">
    <groups>
      <group name="cucumber">
        <method signature="CustomizeTestNGCucumberRunner.runScenario(io.cucumber.testng.PickleWrapper, io.cucumber.testng.FeatureWrapper)[pri:0, instance:Runner.MyTestRunner@2de8284b]" name="runScenario" class="Base.CustomizeTestNGCucumberRunner"/>
      </group> <!-- cucumber -->
    </groups>
    <test name="Default test" duration-ms="27937" started-at="2023-09-26T01:00:19 IST" finished-at="2023-09-26T01:00:47 IST">
      <class name="Runner.MyTestRunner">
        <test-method status="PASS" signature="setUpClass()[pri:0, instance:Runner.MyTestRunner@2de8284b]" name="setUpClass" is-config="true" duration-ms="865" started-at="2023-09-26T01:00:19 IST" finished-at="2023-09-26T01:00:20 IST">
          <reporter-output>
          </reporter-output>
        </test-method> <!-- setUpClass -->
        <test-method status="PASS" signature="runScenario(io.cucumber.testng.PickleWrapper, io.cucumber.testng.FeatureWrapper)[pri:0, instance:Runner.MyTestRunner@2de8284b]" name="runScenario" duration-ms="23571" started-at="2023-09-26T01:00:20 IST" description="Runs Cucumber Scenarios" data-provider="scenarios" finished-at="2023-09-26T01:00:43 IST">
          <params>
            <param index="0">
              <value>
                <![CDATA["Login using a number from skill academy page"]]>
              </value>
            </param>
            <param index="1">
              <value>
                <![CDATA["Optional[User Login and Logout from skill academy page]"]]>
              </value>
            </param>
          </params>
          <reporter-output>
          </reporter-output>
        </test-method> <!-- runScenario -->
        <test-method status="PASS" signature="tearDownClass()[pri:0, instance:Runner.MyTestRunner@2de8284b]" name="tearDownClass" is-config="true" duration-ms="3473" started-at="2023-09-26T01:00:43 IST" finished-at="2023-09-26T01:00:47 IST">
          <reporter-output>
          </reporter-output>
        </test-method> <!-- tearDownClass -->
      </class> <!-- Runner.MyTestRunner -->
    </test> <!-- Default test -->
  </suite> <!-- Default suite -->
</testng-results>
